<?xml version="1.0" encoding="UTF-8"?>
<testng-results total="1" passed="1" failed="0" skipped="0">
  <reporter-output>
    <line>
      <![CDATA[Application open]]>
    </line>
    <line>
      <![CDATA[Title not matched]]>
    </line>
    <line>
      <![CDATA[OrangeHRM - New Level of HR Management]]>
    </line>
    <line>
      <![CDATA[login completed]]>
    </line>
  </reporter-output>
  <suite started-at="2023-04-14T11:28:20Z" name="Default suite" finished-at="2023-04-14T11:28:25Z" duration-ms="5167">
    <groups>
    </groups>
    <test started-at="2023-04-14T11:28:20Z" name="Default test" finished-at="2023-04-14T11:28:25Z" duration-ms="5167">
      <class name="com.hrms.testscripts.TC001">
        <test-method signature="tc001()[pri:0, instance:com.hrms.testscripts.TC001@cb0755b]" started-at="2023-04-14T16:58:20Z" name="tc001" finished-at="2023-04-14T16:58:25Z" duration-ms="5145" status="PASS">
          <reporter-output>
            <line>
              <![CDATA[Application open]]>
            </line>
            <line>
              <![CDATA[Title not matched]]>
            </line>
            <line>
              <![CDATA[OrangeHRM - New Level of HR Management]]>
            </line>
            <line>
              <![CDATA[login completed]]>
            </line>
          </reporter-output>
        </test-method> <!-- tc001 -->
      </class> <!-- com.hrms.testscripts.TC001 -->
    </test> <!-- Default test -->
  </suite> <!-- Default suite -->
</testng-results>
